<?xml version="1.0" encoding="UTF-8"?>
<testng-results ignored="0" total="1" passed="1" failed="0" skipped="0">
  <reporter-output>
  </reporter-output>
  <suite started-at="2021-03-16T10:59:27 IST" name="Muvi Suite" finished-at="2021-03-16T11:00:51 IST" duration-ms="83689">
    <groups>
    </groups>
    <test started-at="2021-03-16T10:59:27 IST" name="Muvi test" finished-at="2021-03-16T11:00:51 IST" duration-ms="83689">
      <class name="com.muvi.testCases.VerifyContentTest">
        <test-method is-config="true" signature="setup()[pri:0, instance:com.muvi.testCases.VerifyContentTest@5afa3c9]" started-at="2021-03-16T10:59:27 IST" name="setup" finished-at="2021-03-16T11:00:50 IST" duration-ms="82760" status="PASS">
          <reporter-output>
          </reporter-output>
        </test-method> <!-- setup -->
        <test-method signature="contentTest()[pri:0, instance:com.muvi.testCases.VerifyContentTest@5afa3c9]" started-at="2021-03-16T11:00:50 IST" name="contentTest" finished-at="2021-03-16T11:00:50 IST" duration-ms="61" status="PASS">
          <reporter-output>
          </reporter-output>
        </test-method> <!-- contentTest -->
        <test-method is-config="true" signature="tearDown()[pri:0, instance:com.muvi.testCases.VerifyContentTest@5afa3c9]" started-at="2021-03-16T11:00:50 IST" name="tearDown" finished-at="2021-03-16T11:00:51 IST" duration-ms="815" status="PASS">
          <reporter-output>
          </reporter-output>
        </test-method> <!-- tearDown -->
      </class> <!-- com.muvi.testCases.VerifyContentTest -->
    </test> <!-- Muvi test -->
  </suite> <!-- Muvi Suite -->
</testng-results>
